{"C:\\Users\\user\\.gemini\\antigravity\\scratch\\event_concierge\\client\\src\\App.tsx": {"path":"C:\\Users\\user\\.gemini\\antigravity\\scratch\\event_concierge\\client\\src\\App.tsx","statementMap":{"0":{"start":{"line":6,"column":2},"end":{"line":13,"column":null}}},"fnMap":{"0":{"name":"App","decl":{"start":{"line":5,"column":9},"end":{"line":5,"column":15}},"loc":{"start":{"line":5,"column":15},"end":{"line":13,"column":null}},"line":5}},"branchMap":{},"s":{"0":3},"f":{"0":3},"b":{},"meta":{"lastBranch":0,"lastFunction":1,"lastStatement":1,"seen":{"f:5:9:5:15":0,"s:6:2:13:Infinity":0}}}
,"C:\\Users\\user\\.gemini\\antigravity\\scratch\\event_concierge\\client\\src\\components\\attendee\\ItineraryDisplay.tsx": {"path":"C:\\Users\\user\\.gemini\\antigravity\\scratch\\event_concierge\\client\\src\\components\\attendee\\ItineraryDisplay.tsx","statementMap":{"0":{"start":{"line":10,"column":6},"end":{"line":83,"column":null}},"1":{"start":{"line":11,"column":2},"end":{"line":11,"column":null}},"2":{"start":{"line":11,"column":18},"end":{"line":11,"column":null}},"3":{"start":{"line":13,"column":2},"end":{"line":83,"column":null}},"4":{"start":{"line":30,"column":12},"end":{"line":80,"column":null}}},"fnMap":{"0":{"name":"(anonymous_0)","decl":{"start":{"line":10,"column":6},"end":{"line":10,"column":59}},"loc":{"start":{"line":10,"column":77},"end":{"line":83,"column":null}},"line":10},"1":{"name":"(anonymous_1)","decl":{"start":{"line":29,"column":28},"end":{"line":29,"column":33}},"loc":{"start":{"line":30,"column":12},"end":{"line":80,"column":null}},"line":30}},"branchMap":{"0":{"loc":{"start":{"line":11,"column":2},"end":{"line":11,"column":null}},"type":"if","locations":[{"start":{"line":11,"column":2},"end":{"line":11,"column":null}},{"start":{},"end":{}}],"line":11},"1":{"loc":{"start":{"line":20,"column":9},"end":{"line":22,"column":null}},"type":"binary-expr","locations":[{"start":{"line":20,"column":9},"end":{"line":20,"column":null}},{"start":{"line":21,"column":10},"end":{"line":22,"column":null}}],"line":20},"2":{"loc":{"start":{"line":52,"column":57},"end":{"line":52,"column":89}},"type":"binary-expr","locations":[{"start":{"line":52,"column":57},"end":{"line":52,"column":75}},{"start":{"line":52,"column":75},"end":{"line":52,"column":89}}],"line":52},"3":{"loc":{"start":{"line":61,"column":42},"end":{"line":61,"column":null}},"type":"binary-expr","locations":[{"start":{"line":61,"column":42},"end":{"line":61,"column":65}},{"start":{"line":61,"column":65},"end":{"line":61,"column":null}}],"line":61},"4":{"loc":{"start":{"line":67,"column":66},"end":{"line":67,"column":90}},"type":"binary-expr","locations":[{"start":{"line":67,"column":66},"end":{"line":67,"column":87}},{"start":{"line":67,"column":87},"end":{"line":67,"column":90}}],"line":67},"5":{"loc":{"start":{"line":74,"column":116},"end":{"line":74,"column":null}},"type":"binary-expr","locations":[{"start":{"line":74,"column":116},"end":{"line":74,"column":130}},{"start":{"line":74,"column":130},"end":{"line":74,"column":null}}],"line":74},"6":{"loc":{"start":{"line":31,"column":19},"end":{"line":31,"column":null}},"type":"binary-expr","locations":[{"start":{"line":31,"column":19},"end":{"line":31,"column":31}},{"start":{"line":31,"column":31},"end":{"line":31,"column":null}}],"line":31}},"s":{"0":3,"1":27,"2":14,"3":13,"4":20},"f":{"0":27,"1":20},"b":{"0":[14,13],"1":[13,1],"2":[20,1],"3":[20,20],"4":[20,2],"5":[20,1],"6":[20,1]},"meta":{"lastBranch":7,"lastFunction":2,"lastStatement":5,"seen":{"s:10:6:83:Infinity":0,"f:10:6:10:59":0,"b:11:2:11:Infinity:undefined:undefined:undefined:undefined":0,"s:11:2:11:Infinity":1,"s:11:18:11:Infinity":2,"s:13:2:83:Infinity":3,"b:20:9:20:Infinity:21:10:22:Infinity":1,"f:29:28:29:33":1,"s:30:12:80:Infinity":4,"b:52:57:52:75:52:75:52:89":2,"b:61:42:61:65:61:65:61:Infinity":3,"b:67:66:67:87:67:87:67:90":4,"b:74:116:74:130:74:130:74:Infinity":5,"b:31:19:31:31:31:31:31:Infinity":6}}}
,"C:\\Users\\user\\.gemini\\antigravity\\scratch\\event_concierge\\client\\src\\components\\attendee\\ItineraryForm.tsx": {"path":"C:\\Users\\user\\.gemini\\antigravity\\scratch\\event_concierge\\client\\src\\components\\attendee\\ItineraryForm.tsx","statementMap":{"0":{"start":{"line":11,"column":6},"end":{"line":129,"column":null}},"1":{"start":{"line":12,"column":19},"end":{"line":18,"column":4}},"2":{"start":{"line":20,"column":18},"end":{"line":20,"column":46}},"3":{"start":{"line":22,"column":8},"end":{"line":32,"column":null}},"4":{"start":{"line":23,"column":4},"end":{"line":23,"column":null}},"5":{"start":{"line":24,"column":20},"end":{"line":29,"column":6}},"6":{"start":{"line":25,"column":24},"end":{"line":25,"column":null}},"7":{"start":{"line":26,"column":25},"end":{"line":26,"column":null}},"8":{"start":{"line":27,"column":26},"end":{"line":27,"column":null}},"9":{"start":{"line":28,"column":24},"end":{"line":28,"column":null}},"10":{"start":{"line":31,"column":4},"end":{"line":32,"column":null}},"11":{"start":{"line":32,"column":6},"end":{"line":32,"column":null}},"12":{"start":{"line":36,"column":2},"end":{"line":129,"column":null}},"13":{"start":{"line":53,"column":29},"end":{"line":53,"column":95}},"14":{"start":{"line":68,"column":29},"end":{"line":68,"column":96}},"15":{"start":{"line":82,"column":29},"end":{"line":82,"column":85}},"16":{"start":{"line":95,"column":29},"end":{"line":95,"column":83}},"17":{"start":{"line":109,"column":27},"end":{"line":109,"column":119}},"18":{"start":{"line":109,"column":107},"end":{"line":109,"column":115}}},"fnMap":{"0":{"name":"(anonymous_0)","decl":{"start":{"line":11,"column":6},"end":{"line":11,"column":53}},"loc":{"start":{"line":11,"column":81},"end":{"line":129,"column":null}},"line":11},"1":{"name":"(anonymous_1)","decl":{"start":{"line":22,"column":8},"end":{"line":22,"column":24}},"loc":{"start":{"line":22,"column":47},"end":{"line":32,"column":null}},"line":22},"2":{"name":"(anonymous_2)","decl":{"start":{"line":25,"column":6},"end":{"line":25,"column":17}},"loc":{"start":{"line":25,"column":24},"end":{"line":25,"column":null}},"line":25},"3":{"name":"(anonymous_3)","decl":{"start":{"line":26,"column":6},"end":{"line":26,"column":18}},"loc":{"start":{"line":26,"column":25},"end":{"line":26,"column":null}},"line":26},"4":{"name":"(anonymous_4)","decl":{"start":{"line":27,"column":6},"end":{"line":27,"column":19}},"loc":{"start":{"line":27,"column":26},"end":{"line":27,"column":null}},"line":27},"5":{"name":"(anonymous_5)","decl":{"start":{"line":28,"column":6},"end":{"line":28,"column":17}},"loc":{"start":{"line":28,"column":24},"end":{"line":28,"column":null}},"line":28},"6":{"name":"(anonymous_6)","decl":{"start":{"line":53,"column":12},"end":{"line":53,"column":23}},"loc":{"start":{"line":53,"column":29},"end":{"line":53,"column":95}},"line":53},"7":{"name":"(anonymous_7)","decl":{"start":{"line":68,"column":12},"end":{"line":68,"column":23}},"loc":{"start":{"line":68,"column":29},"end":{"line":68,"column":96}},"line":68},"8":{"name":"(anonymous_8)","decl":{"start":{"line":82,"column":12},"end":{"line":82,"column":23}},"loc":{"start":{"line":82,"column":29},"end":{"line":82,"column":85}},"line":82},"9":{"name":"(anonymous_9)","decl":{"start":{"line":95,"column":12},"end":{"line":95,"column":23}},"loc":{"start":{"line":95,"column":29},"end":{"line":95,"column":83}},"line":95},"10":{"name":"(anonymous_10)","decl":{"start":{"line":109,"column":10},"end":{"line":109,"column":21}},"loc":{"start":{"line":109,"column":27},"end":{"line":109,"column":119}},"line":109},"11":{"name":"(anonymous_11)","decl":{"start":{"line":109,"column":98},"end":{"line":109,"column":102}},"loc":{"start":{"line":109,"column":107},"end":{"line":109,"column":115}},"line":109}},"branchMap":{"0":{"loc":{"start":{"line":25,"column":24},"end":{"line":25,"column":null}},"type":"cond-expr","locations":[{"start":{"line":25,"column":50},"end":{"line":25,"column":71}},{"start":{"line":25,"column":71},"end":{"line":25,"column":null}}],"line":25},"1":{"loc":{"start":{"line":25,"column":24},"end":{"line":25,"column":50}},"type":"binary-expr","locations":[{"start":{"line":25,"column":24},"end":{"line":25,"column":30}},{"start":{"line":25,"column":30},"end":{"line":25,"column":41}},{"start":{"line":25,"column":41},"end":{"line":25,"column":50}}],"line":25},"2":{"loc":{"start":{"line":26,"column":25},"end":{"line":26,"column":null}},"type":"cond-expr","locations":[{"start":{"line":26,"column":53},"end":{"line":26,"column":75}},{"start":{"line":26,"column":75},"end":{"line":26,"column":null}}],"line":26},"3":{"loc":{"start":{"line":26,"column":25},"end":{"line":26,"column":53}},"type":"binary-expr","locations":[{"start":{"line":26,"column":25},"end":{"line":26,"column":31}},{"start":{"line":26,"column":31},"end":{"line":26,"column":43}},{"start":{"line":26,"column":43},"end":{"line":26,"column":53}}],"line":26},"4":{"loc":{"start":{"line":27,"column":26},"end":{"line":27,"column":null}},"type":"cond-expr","locations":[{"start":{"line":27,"column":31},"end":{"line":27,"column":55}},{"start":{"line":27,"column":55},"end":{"line":27,"column":null}}],"line":27},"5":{"loc":{"start":{"line":28,"column":24},"end":{"line":28,"column":null}},"type":"cond-expr","locations":[{"start":{"line":28,"column":29},"end":{"line":28,"column":51}},{"start":{"line":28,"column":51},"end":{"line":28,"column":null}}],"line":28},"6":{"loc":{"start":{"line":31,"column":4},"end":{"line":32,"column":null}},"type":"if","locations":[{"start":{"line":31,"column":4},"end":{"line":32,"column":null}},{"start":{},"end":{}}],"line":31},"7":{"loc":{"start":{"line":54,"column":53},"end":{"line":54,"column":128}},"type":"cond-expr","locations":[{"start":{"line":54,"column":71},"end":{"line":54,"column":97}},{"start":{"line":54,"column":97},"end":{"line":54,"column":128}}],"line":54},"8":{"loc":{"start":{"line":56,"column":11},"end":{"line":56,"column":null}},"type":"binary-expr","locations":[{"start":{"line":56,"column":11},"end":{"line":56,"column":30}},{"start":{"line":56,"column":30},"end":{"line":56,"column":null}}],"line":56},"9":{"loc":{"start":{"line":69,"column":53},"end":{"line":69,"column":129}},"type":"cond-expr","locations":[{"start":{"line":69,"column":72},"end":{"line":69,"column":98}},{"start":{"line":69,"column":98},"end":{"line":69,"column":129}}],"line":69},"10":{"loc":{"start":{"line":71,"column":11},"end":{"line":71,"column":null}},"type":"binary-expr","locations":[{"start":{"line":71,"column":11},"end":{"line":71,"column":31}},{"start":{"line":71,"column":31},"end":{"line":71,"column":null}}],"line":71},"11":{"loc":{"start":{"line":118,"column":81},"end":{"line":118,"column":null}},"type":"cond-expr","locations":[{"start":{"line":118,"column":93},"end":{"line":118,"column":127}},{"start":{"line":118,"column":127},"end":{"line":118,"column":null}}],"line":118},"12":{"loc":{"start":{"line":120,"column":9},"end":{"line":127,"column":null}},"type":"cond-expr","locations":[{"start":{"line":121,"column":10},"end":{"line":127,"column":12}},{"start":{"line":127,"column":10},"end":{"line":127,"column":null}}],"line":120}},"s":{"0":3,"1":39,"2":39,"3":39,"4":11,"5":11,"6":11,"7":11,"8":11,"9":11,"10":11,"11":8,"12":39,"13":2,"14":3,"15":0,"16":0,"17":2,"18":4},"f":{"0":39,"1":11,"2":11,"3":11,"4":11,"5":11,"6":2,"7":3,"8":0,"9":0,"10":2,"11":4},"b":{"0":[1,10],"1":[11,11,11],"2":[2,9],"3":[11,10,10],"4":[0,11],"5":[0,11],"6":[8,3],"7":[1,38],"8":[39,1],"9":[2,37],"10":[39,2],"11":[5,34],"12":[5,34]},"meta":{"lastBranch":13,"lastFunction":12,"lastStatement":19,"seen":{"s:11:6:129:Infinity":0,"f:11:6:11:53":0,"s:12:19:18:4":1,"s:20:18:20:46":2,"s:22:8:32:Infinity":3,"f:22:8:22:24":1,"s:23:4:23:Infinity":4,"s:24:20:29:6":5,"f:25:6:25:17":2,"s:25:24:25:Infinity":6,"b:25:50:25:71:25:71:25:Infinity":0,"b:25:24:25:30:25:30:25:41:25:41:25:50":1,"f:26:6:26:18":3,"s:26:25:26:Infinity":7,"b:26:53:26:75:26:75:26:Infinity":2,"b:26:25:26:31:26:31:26:43:26:43:26:53":3,"f:27:6:27:19":4,"s:27:26:27:Infinity":8,"b:27:31:27:55:27:55:27:Infinity":4,"f:28:6:28:17":5,"s:28:24:28:Infinity":9,"b:28:29:28:51:28:51:28:Infinity":5,"b:31:4:32:Infinity:undefined:undefined:undefined:undefined":6,"s:31:4:32:Infinity":10,"s:32:6:32:Infinity":11,"s:36:2:129:Infinity":12,"f:53:12:53:23":6,"s:53:29:53:95":13,"b:54:71:54:97:54:97:54:128":7,"b:56:11:56:30:56:30:56:Infinity":8,"f:68:12:68:23":7,"s:68:29:68:96":14,"b:69:72:69:98:69:98:69:129":9,"b:71:11:71:31:71:31:71:Infinity":10,"f:82:12:82:23":8,"s:82:29:82:85":15,"f:95:12:95:23":9,"s:95:29:95:83":16,"f:109:10:109:21":10,"s:109:27:109:119":17,"f:109:98:109:102":11,"s:109:107:109:115":18,"b:118:93:118:127:118:127:118:Infinity":11,"b:121:10:127:12:127:10:127:Infinity":12}}}
,"C:\\Users\\user\\.gemini\\antigravity\\scratch\\event_concierge\\client\\src\\components\\common\\Layout.tsx": {"path":"C:\\Users\\user\\.gemini\\antigravity\\scratch\\event_concierge\\client\\src\\components\\common\\Layout.tsx","statementMap":{"0":{"start":{"line":10,"column":6},"end":{"line":49,"column":null}},"1":{"start":{"line":11,"column":2},"end":{"line":49,"column":null}}},"fnMap":{"0":{"name":"(anonymous_0)","decl":{"start":{"line":10,"column":6},"end":{"line":10,"column":39}},"loc":{"start":{"line":10,"column":63},"end":{"line":49,"column":null}},"line":10}},"branchMap":{},"s":{"0":4,"1":27},"f":{"0":27},"b":{},"meta":{"lastBranch":0,"lastFunction":1,"lastStatement":2,"seen":{"s:10:6:49:Infinity":0,"f:10:6:10:39":0,"s:11:2:49:Infinity":1}}}
,"C:\\Users\\user\\.gemini\\antigravity\\scratch\\event_concierge\\client\\src\\hooks\\useValidation.ts": {"path":"C:\\Users\\user\\.gemini\\antigravity\\scratch\\event_concierge\\client\\src\\hooks\\useValidation.ts","statementMap":{"0":{"start":{"line":7,"column":13},"end":{"line":28,"column":null}},"1":{"start":{"line":8,"column":17},"end":{"line":8,"column":59}},"2":{"start":{"line":10,"column":8},"end":{"line":24,"column":8}},"3":{"start":{"line":11,"column":39},"end":{"line":11,"column":41}},"4":{"start":{"line":12,"column":18},"end":{"line":12,"column":null}},"5":{"start":{"line":14,"column":4},"end":{"line":20,"column":null}},"6":{"start":{"line":15,"column":20},"end":{"line":15,"column":46}},"7":{"start":{"line":16,"column":6},"end":{"line":18,"column":null}},"8":{"start":{"line":17,"column":8},"end":{"line":17,"column":null}},"9":{"start":{"line":18,"column":8},"end":{"line":18,"column":null}},"10":{"start":{"line":22,"column":4},"end":{"line":22,"column":null}},"11":{"start":{"line":23,"column":4},"end":{"line":23,"column":null}},"12":{"start":{"line":26,"column":8},"end":{"line":26,"column":58}},"13":{"start":{"line":26,"column":40},"end":{"line":26,"column":53}},"14":{"start":{"line":28,"column":2},"end":{"line":28,"column":null}}},"fnMap":{"0":{"name":"(anonymous_0)","decl":{"start":{"line":7,"column":13},"end":{"line":7,"column":35}},"loc":{"start":{"line":7,"column":35},"end":{"line":28,"column":null}},"line":7},"1":{"name":"(anonymous_1)","decl":{"start":{"line":10,"column":19},"end":{"line":10,"column":32}},"loc":{"start":{"line":10,"column":99},"end":{"line":24,"column":7}},"line":10},"2":{"name":"(anonymous_2)","decl":{"start":{"line":14,"column":24},"end":{"line":14,"column":33}},"loc":{"start":{"line":14,"column":43},"end":{"line":20,"column":null}},"line":14},"3":{"name":"(anonymous_3)","decl":{"start":{"line":26,"column":22},"end":{"line":26,"column":40}},"loc":{"start":{"line":26,"column":40},"end":{"line":26,"column":53}},"line":26}},"branchMap":{"0":{"loc":{"start":{"line":16,"column":6},"end":{"line":18,"column":null}},"type":"if","locations":[{"start":{"line":16,"column":6},"end":{"line":18,"column":null}},{"start":{},"end":{}}],"line":16}},"s":{"0":4,"1":47,"2":47,"3":14,"4":14,"5":14,"6":49,"7":49,"8":6,"9":6,"10":14,"11":14,"12":47,"13":1,"14":47},"f":{"0":47,"1":14,"2":49,"3":1},"b":{"0":[6,43]},"meta":{"lastBranch":1,"lastFunction":4,"lastStatement":15,"seen":{"s:7:13:28:Infinity":0,"f:7:13:7:35":0,"s:8:17:8:59":1,"s:10:8:24:8":2,"f:10:19:10:32":1,"s:11:39:11:41":3,"s:12:18:12:Infinity":4,"s:14:4:20:Infinity":5,"f:14:24:14:33":2,"s:15:20:15:46":6,"b:16:6:18:Infinity:undefined:undefined:undefined:undefined":0,"s:16:6:18:Infinity":7,"s:17:8:17:Infinity":8,"s:18:8:18:Infinity":9,"s:22:4:22:Infinity":10,"s:23:4:23:Infinity":11,"s:26:8:26:58":12,"f:26:22:26:40":3,"s:26:40:26:53":13,"s:28:2:28:Infinity":14}}}
,"C:\\Users\\user\\.gemini\\antigravity\\scratch\\event_concierge\\client\\src\\pages\\AttendeeView.tsx": {"path":"C:\\Users\\user\\.gemini\\antigravity\\scratch\\event_concierge\\client\\src\\pages\\AttendeeView.tsx","statementMap":{"0":{"start":{"line":7,"column":6},"end":{"line":55,"column":null}},"1":{"start":{"line":8,"column":20},"end":{"line":8,"column":55}},"2":{"start":{"line":9,"column":18},"end":{"line":9,"column":47}},"3":{"start":{"line":10,"column":16},"end":{"line":10,"column":57}},"4":{"start":{"line":12,"column":25},"end":{"line":29,"column":null}},"5":{"start":{"line":13,"column":4},"end":{"line":13,"column":null}},"6":{"start":{"line":14,"column":4},"end":{"line":14,"column":null}},"7":{"start":{"line":15,"column":4},"end":{"line":29,"column":null}},"8":{"start":{"line":16,"column":23},"end":{"line":18,"column":null}},"9":{"start":{"line":20,"column":6},"end":{"line":20,"column":null}},"10":{"start":{"line":23,"column":24},"end":{"line":23,"column":65}},"11":{"start":{"line":24,"column":6},"end":{"line":24,"column":null}},"12":{"start":{"line":24,"column":21},"end":{"line":24,"column":null}},"13":{"start":{"line":26,"column":6},"end":{"line":26,"column":null}},"14":{"start":{"line":27,"column":6},"end":{"line":27,"column":null}},"15":{"start":{"line":29,"column":6},"end":{"line":29,"column":null}},"16":{"start":{"line":33,"column":2},"end":{"line":55,"column":null}}},"fnMap":{"0":{"name":"(anonymous_0)","decl":{"start":{"line":7,"column":6},"end":{"line":7,"column":37}},"loc":{"start":{"line":7,"column":37},"end":{"line":55,"column":null}},"line":7},"1":{"name":"(anonymous_1)","decl":{"start":{"line":12,"column":25},"end":{"line":12,"column":32}},"loc":{"start":{"line":12,"column":50},"end":{"line":29,"column":null}},"line":12}},"branchMap":{"0":{"loc":{"start":{"line":17,"column":11},"end":{"line":17,"column":67}},"type":"binary-expr","locations":[{"start":{"line":17,"column":11},"end":{"line":17,"column":43}},{"start":{"line":17,"column":43},"end":{"line":17,"column":67}}],"line":17},"1":{"loc":{"start":{"line":24,"column":6},"end":{"line":24,"column":null}},"type":"if","locations":[{"start":{"line":24,"column":6},"end":{"line":24,"column":null}},{"start":{},"end":{}}],"line":24},"2":{"loc":{"start":{"line":45,"column":9},"end":{"line":47,"column":null}},"type":"binary-expr","locations":[{"start":{"line":45,"column":9},"end":{"line":45,"column":null}},{"start":{"line":46,"column":10},"end":{"line":47,"column":null}}],"line":45}},"s":{"0":2,"1":16,"2":16,"3":16,"4":16,"5":4,"6":4,"7":4,"8":4,"9":3,"10":3,"11":3,"12":3,"13":1,"14":1,"15":4,"16":16},"f":{"0":16,"1":4},"b":{"0":[4,0],"1":[3,0],"2":[16,1]},"meta":{"lastBranch":3,"lastFunction":2,"lastStatement":17,"seen":{"s:7:6:55:Infinity":0,"f:7:6:7:37":0,"s:8:20:8:55":1,"s:9:18:9:47":2,"s:10:16:10:57":3,"s:12:25:29:Infinity":4,"f:12:25:12:32":1,"s:13:4:13:Infinity":5,"s:14:4:14:Infinity":6,"s:15:4:29:Infinity":7,"s:16:23:18:Infinity":8,"b:17:11:17:43:17:43:17:67":0,"s:20:6:20:Infinity":9,"s:23:24:23:65":10,"b:24:6:24:Infinity:undefined:undefined:undefined:undefined":1,"s:24:6:24:Infinity":11,"s:24:21:24:Infinity":12,"s:26:6:26:Infinity":13,"s:27:6:27:Infinity":14,"s:29:6:29:Infinity":15,"s:33:2:55:Infinity":16,"b:45:9:45:Infinity:46:10:47:Infinity":2}}}
,"C:\\Users\\user\\.gemini\\antigravity\\scratch\\event_concierge\\client\\src\\pages\\StaffView.tsx": {"path":"C:\\Users\\user\\.gemini\\antigravity\\scratch\\event_concierge\\client\\src\\pages\\StaffView.tsx","statementMap":{"0":{"start":{"line":8,"column":6},"end":{"line":129,"column":null}},"1":{"start":{"line":9,"column":15},"end":{"line":9,"column":45}},"2":{"start":{"line":10,"column":18},"end":{"line":10,"column":46}},"3":{"start":{"line":11,"column":24},"end":{"line":11,"column":59}},"4":{"start":{"line":12,"column":19},"end":{"line":12,"column":63}},"5":{"start":{"line":14,"column":2},"end":{"line":20,"column":null}},"6":{"start":{"line":15,"column":10},"end":{"line":18,"column":null}},"7":{"start":{"line":16,"column":6},"end":{"line":16,"column":null}},"8":{"start":{"line":17,"column":6},"end":{"line":17,"column":null}},"9":{"start":{"line":19,"column":4},"end":{"line":19,"column":null}},"10":{"start":{"line":19,"column":17},"end":{"line":19,"column":30}},"11":{"start":{"line":22,"column":23},"end":{"line":36,"column":null}},"12":{"start":{"line":23,"column":4},"end":{"line":23,"column":null}},"13":{"start":{"line":24,"column":4},"end":{"line":36,"column":null}},"14":{"start":{"line":25,"column":20},"end":{"line":25,"column":40}},"15":{"start":{"line":26,"column":23},"end":{"line":29,"column":null}},"16":{"start":{"line":31,"column":6},"end":{"line":31,"column":null}},"17":{"start":{"line":33,"column":6},"end":{"line":33,"column":null}},"18":{"start":{"line":34,"column":6},"end":{"line":34,"column":null}},"19":{"start":{"line":36,"column":6},"end":{"line":36,"column":null}},"20":{"start":{"line":40,"column":2},"end":{"line":40,"column":null}},"21":{"start":{"line":40,"column":15},"end":{"line":40,"column":null}},"22":{"start":{"line":42,"column":2},"end":{"line":55,"column":null}},"23":{"start":{"line":43,"column":4},"end":{"line":55,"column":null}},"24":{"start":{"line":59,"column":2},"end":{"line":129,"column":null}},"25":{"start":{"line":77,"column":15},"end":{"line":89,"column":null}},"26":{"start":{"line":83,"column":35},"end":{"line":83,"column":68}},"27":{"start":{"line":111,"column":40},"end":{"line":111,"column":57}}},"fnMap":{"0":{"name":"(anonymous_0)","decl":{"start":{"line":8,"column":6},"end":{"line":8,"column":34}},"loc":{"start":{"line":8,"column":34},"end":{"line":129,"column":null}},"line":8},"1":{"name":"(anonymous_1)","decl":{"start":{"line":14,"column":2},"end":{"line":14,"column":18}},"loc":{"start":{"line":14,"column":18},"end":{"line":20,"column":7}},"line":14},"2":{"name":"(anonymous_2)","decl":{"start":{"line":15,"column":24},"end":{"line":15,"column":48}},"loc":{"start":{"line":15,"column":54},"end":{"line":18,"column":null}},"line":15},"3":{"name":"(anonymous_3)","decl":{"start":{"line":19,"column":4},"end":{"line":19,"column":17}},"loc":{"start":{"line":19,"column":17},"end":{"line":19,"column":30}},"line":19},"4":{"name":"(anonymous_4)","decl":{"start":{"line":22,"column":23},"end":{"line":22,"column":30}},"loc":{"start":{"line":22,"column":62},"end":{"line":36,"column":null}},"line":22},"5":{"name":"(anonymous_5)","decl":{"start":{"line":76,"column":72},"end":{"line":76,"column":77}},"loc":{"start":{"line":77,"column":15},"end":{"line":89,"column":null}},"line":77},"6":{"name":"(anonymous_6)","decl":{"start":{"line":83,"column":20},"end":{"line":83,"column":35}},"loc":{"start":{"line":83,"column":35},"end":{"line":83,"column":68}},"line":83},"7":{"name":"(anonymous_7)","decl":{"start":{"line":111,"column":25},"end":{"line":111,"column":40}},"loc":{"start":{"line":111,"column":40},"end":{"line":111,"column":57}},"line":111}},"branchMap":{"0":{"loc":{"start":{"line":27,"column":11},"end":{"line":27,"column":67}},"type":"binary-expr","locations":[{"start":{"line":27,"column":11},"end":{"line":27,"column":43}},{"start":{"line":27,"column":43},"end":{"line":27,"column":67}}],"line":27},"1":{"loc":{"start":{"line":40,"column":2},"end":{"line":40,"column":null}},"type":"if","locations":[{"start":{"line":40,"column":2},"end":{"line":40,"column":null}},{"start":{},"end":{}}],"line":40},"2":{"loc":{"start":{"line":42,"column":2},"end":{"line":55,"column":null}},"type":"if","locations":[{"start":{"line":42,"column":2},"end":{"line":55,"column":null}},{"start":{},"end":{}}],"line":42},"3":{"loc":{"start":{"line":103,"column":14},"end":{"line":114,"column":null}},"type":"binary-expr","locations":[{"start":{"line":103,"column":14},"end":{"line":103,"column":null}},{"start":{"line":104,"column":15},"end":{"line":114,"column":null}}],"line":103},"4":{"loc":{"start":{"line":122,"column":55},"end":{"line":122,"column":96}},"type":"binary-expr","locations":[{"start":{"line":122,"column":55},"end":{"line":122,"column":75}},{"start":{"line":122,"column":75},"end":{"line":122,"column":96}}],"line":122}},"s":{"0":2,"1":10,"2":10,"3":10,"4":10,"5":10,"6":5,"7":5,"8":5,"9":5,"10":5,"11":10,"12":0,"13":0,"14":0,"15":0,"16":0,"17":0,"18":0,"19":0,"20":10,"21":5,"22":5,"23":3,"24":2,"25":8,"26":0,"27":0},"f":{"0":10,"1":5,"2":5,"3":5,"4":0,"5":8,"6":0,"7":0},"b":{"0":[0,0],"1":[5,5],"2":[3,2],"3":[2,0],"4":[10,0]},"meta":{"lastBranch":5,"lastFunction":8,"lastStatement":28,"seen":{"s:8:6:129:Infinity":0,"f:8:6:8:34":0,"s:9:15:9:45":1,"s:10:18:10:46":2,"s:11:24:11:59":3,"s:12:19:12:63":4,"s:14:2:20:Infinity":5,"f:14:2:14:18":1,"s:15:10:18:Infinity":6,"f:15:24:15:48":2,"s:16:6:16:Infinity":7,"s:17:6:17:Infinity":8,"s:19:4:19:Infinity":9,"f:19:4:19:17":3,"s:19:17:19:30":10,"s:22:23:36:Infinity":11,"f:22:23:22:30":4,"s:23:4:23:Infinity":12,"s:24:4:36:Infinity":13,"s:25:20:25:40":14,"s:26:23:29:Infinity":15,"b:27:11:27:43:27:43:27:67":0,"s:31:6:31:Infinity":16,"s:33:6:33:Infinity":17,"s:34:6:34:Infinity":18,"s:36:6:36:Infinity":19,"b:40:2:40:Infinity:undefined:undefined:undefined:undefined":1,"s:40:2:40:Infinity":20,"s:40:15:40:Infinity":21,"b:42:2:55:Infinity:undefined:undefined:undefined:undefined":2,"s:42:2:55:Infinity":22,"s:43:4:55:Infinity":23,"s:59:2:129:Infinity":24,"f:76:72:76:77":5,"s:77:15:89:Infinity":25,"f:83:20:83:35":6,"s:83:35:83:68":26,"b:103:14:103:Infinity:104:15:114:Infinity":3,"f:111:25:111:40":7,"s:111:40:111:57":27,"b:122:55:122:75:122:75:122:96":4}}}
,"C:\\Users\\user\\.gemini\\antigravity\\scratch\\event_concierge\\client\\src\\services\\auth.ts": {"path":"C:\\Users\\user\\.gemini\\antigravity\\scratch\\event_concierge\\client\\src\\services\\auth.ts","statementMap":{"0":{"start":{"line":10,"column":17},"end":{"line":10,"column":41}},"1":{"start":{"line":12,"column":31},"end":{"line":18,"column":null}},"2":{"start":{"line":13,"column":2},"end":{"line":18,"column":null}},"3":{"start":{"line":14,"column":19},"end":{"line":14,"column":56}},"4":{"start":{"line":15,"column":4},"end":{"line":15,"column":null}},"5":{"start":{"line":17,"column":4},"end":{"line":17,"column":null}},"6":{"start":{"line":18,"column":4},"end":{"line":18,"column":null}},"7":{"start":{"line":22,"column":22},"end":{"line":27,"column":null}},"8":{"start":{"line":23,"column":2},"end":{"line":27,"column":null}},"9":{"start":{"line":24,"column":4},"end":{"line":24,"column":null}},"10":{"start":{"line":26,"column":4},"end":{"line":26,"column":null}},"11":{"start":{"line":27,"column":4},"end":{"line":27,"column":null}},"12":{"start":{"line":31,"column":13},"end":{"line":32,"column":null}},"13":{"start":{"line":32,"column":2},"end":{"line":32,"column":null}},"14":{"start":{"line":35,"column":28},"end":{"line":38,"column":null}},"15":{"start":{"line":36,"column":15},"end":{"line":36,"column":null}},"16":{"start":{"line":37,"column":2},"end":{"line":37,"column":null}},"17":{"start":{"line":37,"column":13},"end":{"line":37,"column":null}},"18":{"start":{"line":38,"column":2},"end":{"line":38,"column":null}}},"fnMap":{"0":{"name":"(anonymous_0)","decl":{"start":{"line":12,"column":31},"end":{"line":12,"column":43}},"loc":{"start":{"line":12,"column":43},"end":{"line":18,"column":null}},"line":12},"1":{"name":"(anonymous_1)","decl":{"start":{"line":22,"column":22},"end":{"line":22,"column":34}},"loc":{"start":{"line":22,"column":34},"end":{"line":27,"column":null}},"line":22},"2":{"name":"(anonymous_2)","decl":{"start":{"line":31,"column":13},"end":{"line":31,"column":39}},"loc":{"start":{"line":31,"column":81},"end":{"line":32,"column":null}},"line":31},"3":{"name":"(anonymous_3)","decl":{"start":{"line":35,"column":28},"end":{"line":35,"column":40}},"loc":{"start":{"line":35,"column":40},"end":{"line":38,"column":null}},"line":35}},"branchMap":{"0":{"loc":{"start":{"line":37,"column":2},"end":{"line":37,"column":null}},"type":"if","locations":[{"start":{"line":37,"column":2},"end":{"line":37,"column":null}},{"start":{},"end":{}}],"line":37}},"s":{"0":3,"1":3,"2":1,"3":1,"4":1,"5":0,"6":0,"7":3,"8":1,"9":1,"10":0,"11":0,"12":3,"13":1,"14":3,"15":0,"16":0,"17":0,"18":0},"f":{"0":1,"1":1,"2":1,"3":0},"b":{"0":[0,0]},"meta":{"lastBranch":1,"lastFunction":4,"lastStatement":19,"seen":{"s:10:17:10:41":0,"s:12:31:18:Infinity":1,"f:12:31:12:43":0,"s:13:2:18:Infinity":2,"s:14:19:14:56":3,"s:15:4:15:Infinity":4,"s:17:4:17:Infinity":5,"s:18:4:18:Infinity":6,"s:22:22:27:Infinity":7,"f:22:22:22:34":1,"s:23:2:27:Infinity":8,"s:24:4:24:Infinity":9,"s:26:4:26:Infinity":10,"s:27:4:27:Infinity":11,"s:31:13:32:Infinity":12,"f:31:13:31:39":2,"s:32:2:32:Infinity":13,"s:35:28:38:Infinity":14,"f:35:28:35:40":3,"s:36:15:36:Infinity":15,"b:37:2:37:Infinity:undefined:undefined:undefined:undefined":0,"s:37:2:37:Infinity":16,"s:37:13:37:Infinity":17,"s:38:2:38:Infinity":18}}}
,"C:\\Users\\user\\.gemini\\antigravity\\scratch\\event_concierge\\client\\src\\services\\firebase.ts": {"path":"C:\\Users\\user\\.gemini\\antigravity\\scratch\\event_concierge\\client\\src\\services\\firebase.ts","statementMap":{"0":{"start":{"line":5,"column":23},"end":{"line":12,"column":null}},"1":{"start":{"line":14,"column":6},"end":{"line":14,"column":41}},"2":{"start":{"line":15,"column":13},"end":{"line":15,"column":32}},"3":{"start":{"line":16,"column":13},"end":{"line":16,"column":35}}},"fnMap":{},"branchMap":{},"s":{"0":3,"1":3,"2":3,"3":3},"f":{},"b":{},"meta":{"lastBranch":0,"lastFunction":0,"lastStatement":4,"seen":{"s:5:23:12:Infinity":0,"s:14:6:14:41":1,"s:15:13:15:32":2,"s:16:13:16:35":3}}}
,"C:\\Users\\user\\.gemini\\antigravity\\scratch\\event_concierge\\client\\src\\utils\\sanitizer.ts": {"path":"C:\\Users\\user\\.gemini\\antigravity\\scratch\\event_concierge\\client\\src\\utils\\sanitizer.ts","statementMap":{"0":{"start":{"line":7,"column":13},"end":{"line":16,"column":null}},"1":{"start":{"line":8,"column":2},"end":{"line":16,"column":null}}},"fnMap":{"0":{"name":"(anonymous_0)","decl":{"start":{"line":7,"column":13},"end":{"line":7,"column":29}},"loc":{"start":{"line":7,"column":54},"end":{"line":16,"column":null}},"line":7}},"branchMap":{},"s":{"0":4,"1":30},"f":{"0":30},"b":{},"meta":{"lastBranch":0,"lastFunction":1,"lastStatement":2,"seen":{"s:7:13:16:Infinity":0,"f:7:13:7:29":0,"s:8:2:16:Infinity":1}}}
}
